1573049456.391031 client started (75953): version 2.9a, socket /private/tmp/tmux-501/default, protocol 8
1573049456.391122 on Darwin 19.0.0 Darwin Kernel Version 19.0.0: Thu Oct 17 16:17:15 PDT 2019; root:xnu-6153.41.3~29/RELEASE_X86_64; libevent 2.1.11-stable (select)
1573049456.391189 socket is /private/tmp/tmux-501/default
1573049456.391222 trying connect
1573049456.391331 add peer 0x106be2000: 6 (0x0)
1573049456.393940 sending message 100 to peer 0x106be2000 (4 bytes)
1573049456.393993 sending message 101 to peer 0x106be2000 (15 bytes)
1573049456.394006 sending message 102 to peer 0x106be2000 (13 bytes)
1573049456.394016 sending message 108 to peer 0x106be2000 (23 bytes)
1573049456.394039 sending message 104 to peer 0x106be2000 (0 bytes)
1573049456.394050 sending message 107 to peer 0x106be2000 (4 bytes)
1573049456.394059 sending message 105 to peer 0x106be2000 (13 bytes)
1573049456.394071 sending message 105 to peer 0x106be2000 (147 bytes)
1573049456.394082 sending message 105 to peer 0x106be2000 (20 bytes)
1573049456.394091 sending message 105 to peer 0x106be2000 (75 bytes)
1573049456.394099 sending message 105 to peer 0x106be2000 (11 bytes)
1573049456.394108 sending message 105 to peer 0x106be2000 (19 bytes)
1573049456.394116 sending message 105 to peer 0x106be2000 (36 bytes)
1573049456.394124 sending message 105 to peer 0x106be2000 (61 bytes)
1573049456.394132 sending message 105 to peer 0x106be2000 (30 bytes)
1573049456.394140 sending message 105 to peer 0x106be2000 (36 bytes)
1573049456.394148 sending message 105 to peer 0x106be2000 (22 bytes)
1573049456.394156 sending message 105 to peer 0x106be2000 (23 bytes)
1573049456.394164 sending message 105 to peer 0x106be2000 (25 bytes)
1573049456.394172 sending message 105 to peer 0x106be2000 (19 bytes)
1573049456.394180 sending message 105 to peer 0x106be2000 (23 bytes)
1573049456.394188 sending message 105 to peer 0x106be2000 (18 bytes)
1573049456.394196 sending message 105 to peer 0x106be2000 (48 bytes)
1573049456.394204 sending message 105 to peer 0x106be2000 (21 bytes)
1573049456.394212 sending message 105 to peer 0x106be2000 (22 bytes)
1573049456.394220 sending message 105 to peer 0x106be2000 (37 bytes)
1573049456.394228 sending message 105 to peer 0x106be2000 (26 bytes)
1573049456.394236 sending message 105 to peer 0x106be2000 (77 bytes)
1573049456.394244 sending message 105 to peer 0x106be2000 (25 bytes)
1573049456.394252 sending message 105 to peer 0x106be2000 (17 bytes)
1573049456.394260 sending message 105 to peer 0x106be2000 (21 bytes)
1573049456.394268 sending message 105 to peer 0x106be2000 (20 bytes)
1573049456.394279 sending message 105 to peer 0x106be2000 (50 bytes)
1573049456.394288 sending message 105 to peer 0x106be2000 (17 bytes)
1573049456.394295 sending message 105 to peer 0x106be2000 (34 bytes)
1573049456.394303 sending message 105 to peer 0x106be2000 (25 bytes)
1573049456.394311 sending message 105 to peer 0x106be2000 (25 bytes)
1573049456.394321 sending message 105 to peer 0x106be2000 (21 bytes)
1573049456.394329 sending message 105 to peer 0x106be2000 (21 bytes)
1573049456.394337 sending message 105 to peer 0x106be2000 (28 bytes)
1573049456.394345 sending message 105 to peer 0x106be2000 (21 bytes)
1573049456.394353 sending message 105 to peer 0x106be2000 (25 bytes)
1573049456.394361 sending message 105 to peer 0x106be2000 (16 bytes)
1573049456.394369 sending message 105 to peer 0x106be2000 (1506 bytes)
1573049456.394389 sending message 105 to peer 0x106be2000 (373 bytes)
1573049456.394398 sending message 105 to peer 0x106be2000 (61 bytes)
1573049456.394406 sending message 105 to peer 0x106be2000 (21 bytes)
1573049456.394414 sending message 105 to peer 0x106be2000 (47 bytes)
1573049456.394422 sending message 105 to peer 0x106be2000 (10 bytes)
1573049456.394430 sending message 105 to peer 0x106be2000 (11 bytes)
1573049456.394438 sending message 105 to peer 0x106be2000 (1057 bytes)
1573049456.394446 sending message 105 to peer 0x106be2000 (25 bytes)
1573049456.394455 sending message 105 to peer 0x106be2000 (27 bytes)
1573049456.394463 sending message 105 to peer 0x106be2000 (45 bytes)
1573049456.394487 sending message 105 to peer 0x106be2000 (16 bytes)
1573049456.394492 sending message 105 to peer 0x106be2000 (24 bytes)
1573049456.394498 sending message 105 to peer 0x106be2000 (16 bytes)
1573049456.394503 sending message 105 to peer 0x106be2000 (25 bytes)
1573049456.394508 sending message 105 to peer 0x106be2000 (8 bytes)
1573049456.394514 sending message 105 to peer 0x106be2000 (66 bytes)
1573049456.394519 sending message 105 to peer 0x106be2000 (20 bytes)
1573049456.394524 sending message 105 to peer 0x106be2000 (19 bytes)
1573049456.394529 sending message 105 to peer 0x106be2000 (27 bytes)
1573049456.394534 sending message 105 to peer 0x106be2000 (57 bytes)
1573049456.394543 sending message 105 to peer 0x106be2000 (43 bytes)
1573049456.394548 sending message 105 to peer 0x106be2000 (13 bytes)
1573049456.394553 sending message 105 to peer 0x106be2000 (13 bytes)
1573049456.394559 sending message 105 to peer 0x106be2000 (43 bytes)
1573049456.394564 sending message 105 to peer 0x106be2000 (11 bytes)
1573049456.394569 sending message 105 to peer 0x106be2000 (14 bytes)
1573049456.394574 sending message 105 to peer 0x106be2000 (19 bytes)
1573049456.394580 sending message 105 to peer 0x106be2000 (23 bytes)
1573049456.394585 sending message 105 to peer 0x106be2000 (38 bytes)
1573049456.394590 sending message 105 to peer 0x106be2000 (22 bytes)
1573049456.394595 sending message 105 to peer 0x106be2000 (22 bytes)
1573049456.394600 sending message 106 to peer 0x106be2000 (0 bytes)
1573049456.394610 sending message 200 to peer 0x106be2000 (4 bytes)
1573049456.394616 client loop enter
1573049456.394951 peer 0x106be2000 message 211
1573049456.394971 client_write: sessions should be nested with care, unset $TMUX to force\n
1573049456.394993 peer 0x106be2000 message 203
1573049456.395002 client loop exit
